OrderCenter/build/intermediates/manifest_merge_blame_file/debug/manifest-merger-blame-debug-report.txt
1<?xml version="1.0" encoding="utf-8"?>
2<manifest xmlns:android="http://schemas.android.com/apk/res/android"
3    package="com.kotlin.order"
4    android:versionCode="1"
5    android:versionName="1.0" >
6
7    <uses-sdk
8        android:minSdkVersion="15"
8-->src\main\AndroidManifest.xml
9        android:targetSdkVersion="25" />
9-->src\main\AndroidManifest.xml
10
11    <application
11-->src\main\AndroidManifest.xml:6:5-15:19
12        android:allowBackup="true"
12-->src\main\AndroidManifest.xml:6:18-44
13        android:label="@string/app_name"
13-->src\main\AndroidManifest.xml:7:18-50
14        android:supportsRtl="true" >
14-->src\main\AndroidManifest.xml:8:18-44
15        <activity android:name="com.kotlin.order.ui.activity.OrderConfirmActivity" />
15-->src\main\AndroidManifest.xml:10:9-69
15-->src\main\AndroidManifest.xml:10:19-67
16        <activity android:name="com.kotlin.order.ui.activity.ShipAddressActivity" />
16-->src\main\AndroidManifest.xml:11:9-68
16-->src\main\AndroidManifest.xml:11:19-66
17        <activity android:name="com.kotlin.order.ui.activity.ShipAddressEditActivity" />
17-->src\main\AndroidManifest.xml:12:9-72
17-->src\main\AndroidManifest.xml:12:19-70
18        <activity android:name="com.kotlin.order.ui.activity.OrderActivity" />
18-->src\main\AndroidManifest.xml:13:9-62
18-->src\main\AndroidManifest.xml:13:19-60
19        <activity android:name="com.kotlin.order.ui.activity.OrderDetailActivity" />
19-->src\main\AndroidManifest.xml:14:9-68
19-->src\main\AndroidManifest.xml:14:19-66
20    </application>
21
22</manifest>